3.457968235015869 10.728989601135254
1.2116183042526245 1.0739127397537231
1.0664485692977905 1.0482800006866455
1.0444015264511108 1.0460481643676758
1.037031888961792 1.042450189590454
1.0251452922821045 1.0306423902511597
1.0160958766937256 1.0111336708068848
1.0100131034851074 1.0158582925796509
1.0039535760879517 1.0088070631027222
0.9979869723320007 1.0108003616333008
0.9956989884376526 0.9976703524589539
0.995081901550293 0.9961081743240356
0.9951602816581726 1.0013736486434937
0.9918302297592163 0.9951636791229248
0.989567756652832 0.9963222146034241
0.9898895025253296 0.9871250987052917
0.9845027923583984 0.9940938949584961
0.984264075756073 0.9890329241752625
0.9835196137428284 0.9960509538650513
0.9890537261962891 0.9954855442047119
0.9840977191925049 0.9887081980705261
0.9810488820075989 0.9921918511390686
0.9773837327957153 1.0097533464431763
0.9800676703453064 0.9930781722068787
0.9799020290374756 0.9859106540679932
0.9763041734695435 1.0077584981918335
0.9786456227302551 0.9930657148361206
0.977847695350647 0.9961440563201904
0.9750805497169495 0.9884746670722961
0.9759342074394226 0.9947456121444702
0.9748493432998657 0.981892466545105
0.9792777895927429 0.9997172951698303
0.9768093228340149 0.989484429359436
0.9741400480270386 0.984531819820404
0.9722093939781189 0.9816110134124756
0.9707144498825073 0.9821745157241821
0.971146821975708 0.9742324352264404
0.9699128270149231 0.9824111461639404
0.9722036123275757 0.9750517010688782
0.9710028171539307 0.976276695728302
0.9699974060058594 0.9785828590393066
0.9735287427902222 0.9762086868286133
0.9730316996574402 0.986752986907959
0.9700989127159119 0.984741747379303
0.9689352512359619 0.9753085970878601
0.9694550633430481 0.9820948243141174
0.9681848883628845 0.9785313010215759
0.9685450792312622 0.9826356768608093
0.9679492712020874 0.9769384264945984
0.9681959748268127 0.9812356233596802
0.959500789642334 0.9693120718002319
0.9585268497467041 0.9678037762641907
0.9569100737571716 0.9668363332748413
0.9567535519599915 0.9672030806541443
0.9556865096092224 0.9665161371231079
0.9552340507507324 0.9678679704666138
0.955564558506012 0.9658453464508057
0.4939509630203247 0.4988800883293152
0.4940048158168793 0.4990312159061432
0.4936354458332062 0.49858418107032776
0.4939708113670349 0.49873727560043335
0.49345648288726807 0.49880218505859375
0.4938463270664215 0.49914196133613586
0.49372750520706177 0.4987833797931671
0.49388548731803894 0.49912649393081665
0.49333155155181885 0.4983958601951599
0.4932401776313782 0.49905556440353394
0.4930575489997864 0.49862176179885864
0.493759423494339 0.49882060289382935
0.49324098229408264 0.49901121854782104
0.4939157962799072 0.49817219376564026
0.4932308793067932 0.498626708984375
0.49345752596855164 0.4982137382030487
0.493398517370224 0.49882903695106506
0.49335777759552 0.4983285963535309
0.49405592679977417 0.4981794059276581
0.49304836988449097 0.4984450936317444
0.4934302568435669 0.49833056330680847
0.49374184012413025 0.49832066893577576
0.4932292699813843 0.49836137890815735
0.4930213987827301 0.49881601333618164
0.4932776689529419 0.49842962622642517
0.49284982681274414 0.4981744587421417
0.49267396330833435 0.4983160197734833
0.49284765124320984 0.49833178520202637
0.49221041798591614 0.4983144700527191
0.49342280626296997 0.4983460605144501
0.4924660921096802 0.4987039268016815
0.49262964725494385 0.4989807605743408
0.49323713779449463 0.49809730052948
0.4933397173881531 0.4983904957771301
0.49263283610343933 0.4984816908836365
0.49185872077941895 0.4981851875782013
0.49233755469322205 0.49800124764442444
0.4923897385597229 0.49818307161331177
0.4932630658149719 0.49802446365356445
0.4925278127193451 0.4980212152004242
0.4927975535392761 0.49828121066093445
0.4923759996891022 0.4981363117694855
0.493246465921402 0.49839484691619873
0.4927934408187866 0.49837613105773926
0.49287402629852295 0.4978375732898712
0.4924546182155609 0.49819058179855347
0.49250710010528564 0.49825456738471985
0.4920242726802826 0.49863749742507935
0.4926217198371887 0.4982886016368866
0.49181246757507324 0.4983076751232147
0.4920383393764496 0.4977794885635376
0.4917932450771332 0.4981094002723694
0.4931633472442627 0.4981355369091034
0.49225595593452454 0.49816131591796875
0.4925552308559418 0.49797680974006653
0.4916534125804901 0.4975675046443939
0.4916171729564667 0.4982692003250122
0.49195313453674316 0.49780887365341187
0.49192488193511963 0.49792778491973877
0.49200519919395447 0.49769458174705505
0.4919529855251312 0.4983515739440918
0.49188852310180664 0.4982748329639435
0.4922976791858673 0.49805575609207153
0.49291327595710754 0.4983462393283844
0.49147704243659973 0.4974847733974457
0.49186572432518005 0.4982498288154602
0.49217820167541504 0.4982188045978546
0.4913882613182068 0.4979618191719055
0.49233752489089966 0.49789512157440186
0.49228420853614807 0.49829983711242676
0.49227452278137207 0.49833571910858154
0.49227970838546753 0.49822378158569336
0.4924751818180084 0.49798038601875305
0.49235621094703674 0.49816930294036865
0.4915921092033386 0.4978204071521759
0.4917883574962616 0.4974566698074341
0.4913950562477112 0.4979047477245331
0.4913918673992157 0.49778783321380615
0.4912978708744049 0.4981236457824707
0.49145644903182983 0.4977150857448578
0.4922044575214386 0.49757683277130127
0.49172279238700867 0.4994470775127411
0.4914007782936096 0.4980913996696472
0.49122190475463867 0.49762627482414246
0.4911201000213623 0.4975581765174866
0.49147912859916687 0.4976522624492645
0.49273765087127686 0.49779248237609863
0.49195271730422974 0.49768349528312683
0.4910583794116974 0.4981676936149597
0.4916209876537323 0.4978519678115845
0.4929125905036926 0.4984733462333679
0.4915807843208313 0.4979243278503418
0.49130669236183167 0.49795129895210266
0.4908674955368042 0.49762797355651855
0.4913363754749298 0.4977504014968872
0.490951806306839 0.4982713758945465
0.49117404222488403 0.4981647729873657
0.4908449947834015 0.49756473302841187
0.49224135279655457 0.49773627519607544
0.49123096466064453 0.4977007806301117
0.49101579189300537 0.49774712324142456
0.49102312326431274 0.49763813614845276
0.49152088165283203 0.49793320894241333
0.4906241297721863 0.4975339472293854
0.491426944732666 0.49783623218536377
0.4918002188205719 0.49764224886894226
0.4898838996887207 0.49818962812423706
0.49054425954818726 0.4981136918067932
0.49062150716781616 0.4975706934928894
0.4910511374473572 0.49758028984069824
0.4914948344230652 0.49819234013557434
0.49125316739082336 0.49818238615989685
0.4908658564090729 0.4976939558982849
0.4914422333240509 0.4977760314941406
0.4910401999950409 0.49806129932403564
0.49064260721206665 0.49744176864624023
0.49102863669395447 0.4976740777492523
0.4908478856086731 0.4983677268028259
0.490804523229599 0.4977129399776459
0.49129050970077515 0.4977906346321106
0.4906950891017914 0.4980633854866028
0.49065646529197693 0.49744704365730286
0.491955429315567 0.4985089600086212
0.4907279908657074 0.4975646138191223
0.49160346388816833 0.4976283311843872
0.4910898804664612 0.49739009141921997
0.48993346095085144 0.4976942241191864
0.49102047085762024 0.49880191683769226
0.4907745122909546 0.4975760579109192
0.4913720190525055 0.4972897171974182
0.49159589409828186 0.49811646342277527
0.49097442626953125 0.49891018867492676
0.49031034111976624 0.49937811493873596
0.49066174030303955 0.49840113520622253
0.49105796217918396 0.49786901473999023
0.4905908703804016 0.4980681240558624
0.4912113845348358 0.497224897146225
0.4908794164657593 0.4977955222129822
0.49061474204063416 0.49712690711021423
0.49125179648399353 0.49713945388793945
0.4909522831439972 0.49799615144729614
